0 info it worked if it ends with ok
1 verbose cli [ 'C:\\node\\node.exe',
1 verbose cli   'C:\\Users\\jebaprince\\AppData\\Roaming\\npm\\node_modules\\npm\\bin\\npm-cli.js',
1 verbose cli   'run',
1 verbose cli   'buildwin' ]
2 info using npm@3.9.3
3 info using node@v6.2.0
4 verbose stack Error: Failed to parse json
4 verbose stack Unexpected token 'b' at 17:6
4 verbose stack     "buildwin": "electron-packager . --platform=win32 --out=dist --app-version=
4 verbose stack      ^
4 verbose stack     at parseError (C:\Users\jebaprince\AppData\Roaming\npm\node_modules\npm\node_modules\read-package-json\read-json.js:390:11)
4 verbose stack     at parseJson (C:\Users\jebaprince\AppData\Roaming\npm\node_modules\npm\node_modules\read-package-json\read-json.js:79:23)
4 verbose stack     at C:\Users\jebaprince\AppData\Roaming\npm\node_modules\npm\node_modules\read-package-json\read-json.js:48:5
4 verbose stack     at C:\Users\jebaprince\AppData\Roaming\npm\node_modules\npm\node_modules\graceful-fs\graceful-fs.js:78:16
4 verbose stack     at tryToString (fs.js:449:3)
4 verbose stack     at FSReqWrap.readFileAfterClose [as oncomplete] (fs.js:436:12)
5 verbose cwd D:\Files\NODE_JS_DEVELOPMENT\Electron\SwiftChat
6 error Windows_NT 10.0.10586
7 error argv "C:\\node\\node.exe" "C:\\Users\\jebaprince\\AppData\\Roaming\\npm\\node_modules\\npm\\bin\\npm-cli.js" "run" "buildwin"
8 error node v6.2.0
9 error npm  v3.9.3
10 error file D:\Files\NODE_JS_DEVELOPMENT\Electron\SwiftChat\package.json
11 error code EJSONPARSE
12 error Failed to parse json
12 error Unexpected token 'b' at 17:6
12 error     "buildwin": "electron-packager . --platform=win32 --out=dist --app-version=
12 error      ^
13 error File: D:\Files\NODE_JS_DEVELOPMENT\Electron\SwiftChat\package.json
14 error Failed to parse package.json data.
14 error package.json must be actual JSON, not just JavaScript.
14 error
14 error This is not a bug in npm.
14 error Tell the package author to fix their package.json file. JSON.parse
15 verbose exit [ 1, true ]
